2020-01-04 23:06:54.125  INFO 13468 --- [main] demo.RootApplication                     : Starting RootApplication on DESKTOP-Q0Q5OIB with PID 13468 (D:\Vinod_Workspace\SpringsBoot-MS-ELK-Stack\target\classes started by 91916 in D:\Vinod_Workspace\SpringsBoot-MS-ELK-Stack)
2020-01-04 23:06:54.130  INFO 13468 --- [main] demo.RootApplication                     : No active profile set, falling back to default profiles: default
2020-01-04 23:06:54.333  INFO 13468 --- [main] ationConfigEmbeddedWebApplicationContext : Refreshing org.springframework.boot.context.embedded.AnnotationConfigEmbeddedWebApplicationContext@3d8314f0: startup date [Sat Jan 04 23:06:54 IST 2020]; root of context hierarchy
2020-01-04 23:06:56.081  INFO 13468 --- [main] s.b.c.e.t.TomcatEmbeddedServletContainer : Tomcat initialized with port(s): 8086 (http)
2020-01-04 23:06:56.096  INFO 13468 --- [main] o.apache.catalina.core.StandardService   : Starting service [Tomcat]
2020-01-04 23:06:56.098  INFO 13468 --- [main] org.apache.catalina.core.StandardEngine  : Starting Servlet Engine: Apache Tomcat/8.5.16
2020-01-04 23:06:56.256  INFO 13468 --- [localhost-startStop-1] o.a.c.c.C.[Tomcat].[localhost].[/]       : Initializing Spring embedded WebApplicationContext
2020-01-04 23:06:56.256  INFO 13468 --- [localhost-startStop-1] o.s.web.context.ContextLoader            : Root WebApplicationContext: initialization completed in 1927 ms
2020-01-04 23:06:56.485  INFO 13468 --- [localhost-startStop-1] o.s.b.w.servlet.ServletRegistrationBean  : Mapping servlet: 'dispatcherServlet' to [/]
2020-01-04 23:06:56.494  INFO 13468 --- [localhost-startStop-1] o.s.b.w.servlet.FilterRegistrationBean   : Mapping filter: 'characterEncodingFilter' to: [/*]
2020-01-04 23:06:56.495  INFO 13468 --- [localhost-startStop-1] o.s.b.w.servlet.FilterRegistrationBean   : Mapping filter: 'hiddenHttpMethodFilter' to: [/*]
2020-01-04 23:06:56.496  INFO 13468 --- [localhost-startStop-1] o.s.b.w.servlet.FilterRegistrationBean   : Mapping filter: 'httpPutFormContentFilter' to: [/*]
2020-01-04 23:06:56.497  INFO 13468 --- [localhost-startStop-1] o.s.b.w.servlet.FilterRegistrationBean   : Mapping filter: 'requestContextFilter' to: [/*]
2020-01-04 23:06:57.038  INFO 13468 --- [main] s.w.s.m.m.a.RequestMappingHandlerAdapter : Looking for @ControllerAdvice: org.springframework.boot.context.embedded.AnnotationConfigEmbeddedWebApplicationContext@3d8314f0: startup date [Sat Jan 04 23:06:54 IST 2020]; root of context hierarchy
2020-01-04 23:06:57.273  INFO 13468 --- [main] s.w.s.m.m.a.RequestMappingHandlerMapping : Mapped "{[/exception]}" onto public java.lang.String demo.controllers.ELKController.exception()
2020-01-04 23:06:57.274  INFO 13468 --- [main] s.w.s.m.m.a.RequestMappingHandlerMapping : Mapped "{[/elk]}" onto public java.lang.String demo.controllers.ELKController.helloWorld1()
2020-01-04 23:06:57.275  INFO 13468 --- [main] s.w.s.m.m.a.RequestMappingHandlerMapping : Mapped "{[/elkdemo]}" onto public java.lang.String demo.controllers.ELKController.helloWorld()
2020-01-04 23:06:57.283  INFO 13468 --- [main] s.w.s.m.m.a.RequestMappingHandlerMapping : Mapped "{[/error]}" onto public org.springframework.http.ResponseEntity<java.util.Map<java.lang.String, java.lang.Object>> org.springframework.boot.autoconfigure.web.BasicErrorController.error(javax.servlet.http.HttpServletRequest)
2020-01-04 23:06:57.284  INFO 13468 --- [main] s.w.s.m.m.a.RequestMappingHandlerMapping : Mapped "{[/error],produces=[text/html]}" onto public org.springframework.web.servlet.ModelAndView org.springframework.boot.autoconfigure.web.BasicErrorController.errorHtml(javax.servlet.http.HttpServletRequest,javax.servlet.http.HttpServletResponse)
2020-01-04 23:06:57.476  INFO 13468 --- [main] o.s.w.s.handler.SimpleUrlHandlerMapping  : Mapped URL path [/webjars/**] onto handler of type [class org.springframework.web.servlet.resource.ResourceHttpRequestHandler]
2020-01-04 23:06:57.477  INFO 13468 --- [main] o.s.w.s.handler.SimpleUrlHandlerMapping  : Mapped URL path [/**] onto handler of type [class org.springframework.web.servlet.resource.ResourceHttpRequestHandler]
2020-01-04 23:06:57.648  INFO 13468 --- [main] o.s.w.s.handler.SimpleUrlHandlerMapping  : Mapped URL path [/**/favicon.ico] onto handler of type [class org.springframework.web.servlet.resource.ResourceHttpRequestHandler]
2020-01-04 23:06:57.881  INFO 13468 --- [main] o.s.j.e.a.AnnotationMBeanExporter        : Registering beans for JMX exposure on startup
2020-01-04 23:06:58.033  INFO 13468 --- [main] s.b.c.e.t.TomcatEmbeddedServletContainer : Tomcat started on port(s): 8086 (http)
2020-01-04 23:06:58.051  INFO 13468 --- [main] demo.RootApplication                     : Started RootApplication in 4.446 seconds (JVM running for 4.995)
2020-01-04 23:07:22.237  INFO 13468 --- [http-nio-8086-exec-1] o.a.c.c.C.[Tomcat].[localhost].[/]       : Initializing Spring FrameworkServlet 'dispatcherServlet'
2020-01-04 23:07:22.237  INFO 13468 --- [http-nio-8086-exec-1] o.s.web.servlet.DispatcherServlet        : FrameworkServlet 'dispatcherServlet': initialization started
2020-01-04 23:07:22.258  INFO 13468 --- [http-nio-8086-exec-1] o.s.web.servlet.DispatcherServlet        : FrameworkServlet 'dispatcherServlet': initialization completed in 21 ms
2020-01-04 23:07:22.326  INFO 13468 --- [http-nio-8086-exec-2] demo.controllers.ELKController           : Welcome to JavaInUseSat Jan 04 23:07:22 IST 2020
2020-01-04 23:07:22.352 ERROR 13468 --- [http-nio-8086-exec-3] demo.controllers.ELKController           : java.lang.ArithmeticException: / by zero
2020-01-04 23:07:22.353 ERROR 13468 --- [http-nio-8086-exec-3] demo.controllers.ELKController           : Exception - 
2020-01-04 23:13:56.266  INFO 32724 --- [main] demo.RootApplication                     : Starting RootApplication on DESKTOP-Q0Q5OIB with PID 32724 (D:\Vinod_Workspace\SpringsBoot-MS-ELK-Stack\target\classes started by 91916 in D:\Vinod_Workspace\SpringsBoot-MS-ELK-Stack)
2020-01-04 23:13:56.269  INFO 32724 --- [main] demo.RootApplication                     : No active profile set, falling back to default profiles: default
2020-01-04 23:13:56.306  INFO 32724 --- [main] ationConfigEmbeddedWebApplicationContext : Refreshing org.springframework.boot.context.embedded.AnnotationConfigEmbeddedWebApplicationContext@3d8314f0: startup date [Sat Jan 04 23:13:56 IST 2020]; root of context hierarchy
2020-01-04 23:13:57.520  INFO 32724 --- [main] s.b.c.e.t.TomcatEmbeddedServletContainer : Tomcat initialized with port(s): 8086 (http)
2020-01-04 23:13:57.536  INFO 32724 --- [main] o.apache.catalina.core.StandardService   : Starting service [Tomcat]
2020-01-04 23:13:57.538  INFO 32724 --- [main] org.apache.catalina.core.StandardEngine  : Starting Servlet Engine: Apache Tomcat/8.5.16
2020-01-04 23:13:57.637  INFO 32724 --- [localhost-startStop-1] o.a.c.c.C.[Tomcat].[localhost].[/]       : Initializing Spring embedded WebApplicationContext
2020-01-04 23:13:57.638  INFO 32724 --- [localhost-startStop-1] o.s.web.context.ContextLoader            : Root WebApplicationContext: initialization completed in 1335 ms
2020-01-04 23:13:57.772  INFO 32724 --- [localhost-startStop-1] o.s.b.w.servlet.ServletRegistrationBean  : Mapping servlet: 'dispatcherServlet' to [/]
2020-01-04 23:13:57.776  INFO 32724 --- [localhost-startStop-1] o.s.b.w.servlet.FilterRegistrationBean   : Mapping filter: 'characterEncodingFilter' to: [/*]
2020-01-04 23:13:57.777  INFO 32724 --- [localhost-startStop-1] o.s.b.w.servlet.FilterRegistrationBean   : Mapping filter: 'hiddenHttpMethodFilter' to: [/*]
2020-01-04 23:13:57.777  INFO 32724 --- [localhost-startStop-1] o.s.b.w.servlet.FilterRegistrationBean   : Mapping filter: 'httpPutFormContentFilter' to: [/*]
2020-01-04 23:13:57.777  INFO 32724 --- [localhost-startStop-1] o.s.b.w.servlet.FilterRegistrationBean   : Mapping filter: 'requestContextFilter' to: [/*]
2020-01-04 23:13:58.074  INFO 32724 --- [main] s.w.s.m.m.a.RequestMappingHandlerAdapter : Looking for @ControllerAdvice: org.springframework.boot.context.embedded.AnnotationConfigEmbeddedWebApplicationContext@3d8314f0: startup date [Sat Jan 04 23:13:56 IST 2020]; root of context hierarchy
2020-01-04 23:13:58.161  INFO 32724 --- [main] s.w.s.m.m.a.RequestMappingHandlerMapping : Mapped "{[/elkdemo]}" onto public java.lang.String demo.controllers.ELKController.helloWorld()
2020-01-04 23:13:58.163  INFO 32724 --- [main] s.w.s.m.m.a.RequestMappingHandlerMapping : Mapped "{[/elk]}" onto public java.lang.String demo.controllers.ELKController.helloWorld1()
2020-01-04 23:13:58.164  INFO 32724 --- [main] s.w.s.m.m.a.RequestMappingHandlerMapping : Mapped "{[/exception]}" onto public java.lang.String demo.controllers.ELKController.exception()
2020-01-04 23:13:58.172  INFO 32724 --- [main] s.w.s.m.m.a.RequestMappingHandlerMapping : Mapped "{[/error]}" onto public org.springframework.http.ResponseEntity<java.util.Map<java.lang.String, java.lang.Object>> org.springframework.boot.autoconfigure.web.BasicErrorController.error(javax.servlet.http.HttpServletRequest)
2020-01-04 23:13:58.173  INFO 32724 --- [main] s.w.s.m.m.a.RequestMappingHandlerMapping : Mapped "{[/error],produces=[text/html]}" onto public org.springframework.web.servlet.ModelAndView org.springframework.boot.autoconfigure.web.BasicErrorController.errorHtml(javax.servlet.http.HttpServletRequest,javax.servlet.http.HttpServletResponse)
2020-01-04 23:13:58.209  INFO 32724 --- [main] o.s.w.s.handler.SimpleUrlHandlerMapping  : Mapped URL path [/webjars/**] onto handler of type [class org.springframework.web.servlet.resource.ResourceHttpRequestHandler]
2020-01-04 23:13:58.210  INFO 32724 --- [main] o.s.w.s.handler.SimpleUrlHandlerMapping  : Mapped URL path [/**] onto handler of type [class org.springframework.web.servlet.resource.ResourceHttpRequestHandler]
2020-01-04 23:13:58.242  INFO 32724 --- [main] o.s.w.s.handler.SimpleUrlHandlerMapping  : Mapped URL path [/**/favicon.ico] onto handler of type [class org.springframework.web.servlet.resource.ResourceHttpRequestHandler]
2020-01-04 23:13:58.342  INFO 32724 --- [main] o.s.j.e.a.AnnotationMBeanExporter        : Registering beans for JMX exposure on startup
2020-01-04 23:13:58.422  INFO 32724 --- [main] s.b.c.e.t.TomcatEmbeddedServletContainer : Tomcat started on port(s): 8086 (http)
2020-01-04 23:13:58.429  INFO 32724 --- [main] demo.RootApplication                     : Started RootApplication in 2.468 seconds (JVM running for 2.891)
2020-01-04 23:15:46.525  INFO 32724 --- [http-nio-8086-exec-1] o.a.c.c.C.[Tomcat].[localhost].[/]       : Initializing Spring FrameworkServlet 'dispatcherServlet'
2020-01-04 23:15:46.525  INFO 32724 --- [http-nio-8086-exec-1] o.s.web.servlet.DispatcherServlet        : FrameworkServlet 'dispatcherServlet': initialization started
2020-01-04 23:15:46.548  INFO 32724 --- [http-nio-8086-exec-1] o.s.web.servlet.DispatcherServlet        : FrameworkServlet 'dispatcherServlet': initialization completed in 23 ms
2020-01-04 23:15:46.614  INFO 32724 --- [http-nio-8086-exec-2] demo.controllers.ELKController           : Welcome to JavaInUseSat Jan 04 23:15:46 IST 2020
2020-01-04 23:15:46.645 ERROR 32724 --- [http-nio-8086-exec-5] demo.controllers.ELKController           : java.lang.ArithmeticException: / by zero
2020-01-04 23:15:46.648 ERROR 32724 --- [http-nio-8086-exec-5] demo.controllers.ELKController           : Exception - java.lang.ArithmeticException: / by zero
	at demo.controllers.ELKController.exception(HelloController.java:51)
	at sun.reflect.NativeMethodAccessorImpl.invoke0(Native Method)
	at sun.reflect.NativeMethodAccessorImpl.invoke(NativeMethodAccessorImpl.java:62)
	at sun.reflect.DelegatingMethodAccessorImpl.invoke(DelegatingMethodAccessorImpl.java:43)
	at java.lang.reflect.Method.invoke(Method.java:498)
	at org.springframework.web.method.support.InvocableHandlerMethod.doInvoke(InvocableHandlerMethod.java:205)
	at org.springframework.web.method.support.InvocableHandlerMethod.invokeForRequest(InvocableHandlerMethod.java:133)
	at org.springframework.web.servlet.mvc.method.annotation.ServletInvocableHandlerMethod.invokeAndHandle(ServletInvocableHandlerMethod.java:97)
	at org.springframework.web.servlet.mvc.method.annotation.RequestMappingHandlerAdapter.invokeHandlerMethod(RequestMappingHandlerAdapter.java:827)
	at org.springframework.web.servlet.mvc.method.annotation.RequestMappingHandlerAdapter.handleInternal(RequestMappingHandlerAdapter.java:738)
	at org.springframework.web.servlet.mvc.method.AbstractHandlerMethodAdapter.handle(AbstractHandlerMethodAdapter.java:85)
	at org.springframework.web.servlet.DispatcherServlet.doDispatch(DispatcherServlet.java:967)
	at org.springframework.web.servlet.DispatcherServlet.doService(DispatcherServlet.java:901)
	at org.springframework.web.servlet.FrameworkServlet.processRequest(FrameworkServlet.java:970)
	at org.springframework.web.servlet.FrameworkServlet.doGet(FrameworkServlet.java:861)
	at javax.servlet.http.HttpServlet.service(HttpServlet.java:635)
	at org.springframework.web.servlet.FrameworkServlet.service(FrameworkServlet.java:846)
	at javax.servlet.http.HttpServlet.service(HttpServlet.java:742)
	at org.apache.catalina.core.ApplicationFilterChain.internalDoFilter(ApplicationFilterChain.java:231)
	at org.apache.catalina.core.ApplicationFilterChain.doFilter(ApplicationFilterChain.java:166)
	at org.apache.tomcat.websocket.server.WsFilter.doFilter(WsFilter.java:52)
	at org.apache.catalina.core.ApplicationFilterChain.internalDoFilter(ApplicationFilterChain.java:193)
	at org.apache.catalina.core.ApplicationFilterChain.doFilter(ApplicationFilterChain.java:166)
	at org.springframework.web.filter.RequestContextFilter.doFilterInternal(RequestContextFilter.java:99)
	at org.springframework.web.filter.OncePerRequestFilter.doFilter(OncePerRequestFilter.java:107)
	at org.apache.catalina.core.ApplicationFilterChain.internalDoFilter(ApplicationFilterChain.java:193)
	at org.apache.catalina.core.ApplicationFilterChain.doFilter(ApplicationFilterChain.java:166)
	at org.springframework.web.filter.HttpPutFormContentFilter.doFilterInternal(HttpPutFormContentFilter.java:105)
	at org.springframework.web.filter.OncePerRequestFilter.doFilter(OncePerRequestFilter.java:107)
	at org.apache.catalina.core.ApplicationFilterChain.internalDoFilter(ApplicationFilterChain.java:193)
	at org.apache.catalina.core.ApplicationFilterChain.doFilter(ApplicationFilterChain.java:166)
	at org.springframework.web.filter.HiddenHttpMethodFilter.doFilterInternal(HiddenHttpMethodFilter.java:81)
	at org.springframework.web.filter.OncePerRequestFilter.doFilter(OncePerRequestFilter.java:107)
	at org.apache.catalina.core.ApplicationFilterChain.internalDoFilter(ApplicationFilterChain.java:193)
	at org.apache.catalina.core.ApplicationFilterChain.doFilter(ApplicationFilterChain.java:166)
	at org.springframework.web.filter.CharacterEncodingFilter.doFilterInternal(CharacterEncodingFilter.java:197)
	at org.springframework.web.filter.OncePerRequestFilter.doFilter(OncePerRequestFilter.java:107)
	at org.apache.catalina.core.ApplicationFilterChain.internalDoFilter(ApplicationFilterChain.java:193)
	at org.apache.catalina.core.ApplicationFilterChain.doFilter(ApplicationFilterChain.java:166)
	at org.apache.catalina.core.StandardWrapperValve.invoke(StandardWrapperValve.java:198)
	at org.apache.catalina.core.StandardContextValve.invoke(StandardContextValve.java:96)
	at org.apache.catalina.authenticator.AuthenticatorBase.invoke(AuthenticatorBase.java:478)
	at org.apache.catalina.core.StandardHostValve.invoke(StandardHostValve.java:140)
	at org.apache.catalina.valves.ErrorReportValve.invoke(ErrorReportValve.java:80)
	at org.apache.catalina.core.StandardEngineValve.invoke(StandardEngineValve.java:87)
	at org.apache.catalina.connector.CoyoteAdapter.service(CoyoteAdapter.java:342)
	at org.apache.coyote.http11.Http11Processor.service(Http11Processor.java:799)
	at org.apache.coyote.AbstractProcessorLight.process(AbstractProcessorLight.java:66)
	at org.apache.coyote.AbstractProtocol$ConnectionHandler.process(AbstractProtocol.java:868)
	at org.apache.tomcat.util.net.NioEndpoint$SocketProcessor.doRun(NioEndpoint.java:1455)
	at org.apache.tomcat.util.net.SocketProcessorBase.run(SocketProcessorBase.java:49)
	at java.util.concurrent.ThreadPoolExecutor.runWorker(ThreadPoolExecutor.java:1149)
	at java.util.concurrent.ThreadPoolExecutor$Worker.run(ThreadPoolExecutor.java:624)
	at org.apache.tomcat.util.threads.TaskThread$WrappingRunnable.run(TaskThread.java:61)
	at java.lang.Thread.run(Thread.java:748)

